<?xml version="1.0" encoding="UTF-8"?>
<!-- Generated by org.testng.reporters.JUnitReportReporter -->
<testsuite hostname="DESKTOP-GV8RDT5" failures="0" tests="1" name="DemoProject.Demo.OpenUrl" time="27.680" errors="0" timestamp="01 Feb 2021 07:45:11 GMT" skipped="0">
  <testcase classname="DemoProject.Demo.OpenUrl" name="HomePageNavigation" time="27.680"/>
</testsuite> <!-- DemoProject.Demo.OpenUrl -->
