<?xml version="1.0" encoding="UTF-8"?>
<!-- Generated by org.testng.reporters.JUnitReportReporter -->
<testsuite hostname="DESKTOP-GV8RDT5" failures="0" tests="1" name="DemoProject.Demo.HomePage" time="26.770" errors="0" timestamp="20 Jan 2021 13:58:20 GMT" skipped="0">
  <testcase classname="DemoProject.Demo.HomePage" name="HomePageNavigation" time="26.770"/>
</testsuite> <!-- DemoProject.Demo.HomePage -->
