<?xml version="1.0" encoding="UTF-8"?>
<!-- Generated by org.testng.reporters.JUnitReportReporter -->
<testsuite hostname="DESKTOP-GV8RDT5" failures="0" tests="1" name="DemoProject.Demo.OpenUrl" time="30.729" errors="0" timestamp="01 Feb 2021 08:03:05 GMT" skipped="0">
  <testcase classname="DemoProject.Demo.OpenUrl" name="HomePageNavigation" time="30.729"/>
</testsuite> <!-- DemoProject.Demo.OpenUrl -->
